<?xml version="1.0" encoding="UTF-8"?>
<!-- Generated by org.testng.reporters.JUnitReportReporter -->
<testsuite skipped="0" hostname="EPINHYDW1379" name="org.com.training.Testng.UnitTests" tests="1" failures="0" timestamp="23 Apr 2020 20:30:45 GMT" time="0.009" errors="0">
  <testcase name="positiveCheck2" time="0.009" classname="org.com.training.Testng.UnitTests"/>
</testsuite> <!-- org.com.training.Testng.UnitTests -->
