<?xml version="1.0" encoding="UTF-8"?>
<!-- Generated by org.testng.reporters.JUnitReportReporter -->
<testsuite skipped="0" hostname="EPINHYDW1379" name="org.com.training.MavenDemo.DemoTest" tests="1" failures="0" timestamp="2020-10-27T15:17:20 IST" time="6.464" errors="0">
  <testcase name="demo" time="6.464" classname="org.com.training.MavenDemo.DemoTest"/>
  <system-out/>
</testsuite> <!-- org.com.training.MavenDemo.DemoTest -->
