<?xml version="1.0" encoding="UTF-8"?>
<!-- Generated by org.testng.reporters.JUnitReportReporter -->
<testsuite skipped="0" hostname="EPINHYDW1346" name="org.epam.learn.Sample" tests="1" failures="0" timestamp="2020-01-24T05:48:02 IST" time="0.014" errors="0">
  <testcase name="testSum" time="0.014" classname="org.epam.learn.Sample"/>
  <system-out/>
</testsuite> <!-- org.epam.learn.Sample -->
